# JRE version: OpenJDK Runtime Environment (8.0_152-b01) (build 1.8.0_152-release-915-b01)
# Java VM: OpenJDK 64-Bit Server VM (25.152-b01 mixed mode linux-amd64 compressed oops)
Heap:
 PSYoungGen      total 2461184K, used 3386K [0x0000000700000000, 0x000000079fb80000, 0x00000007c0000000)
  eden space 2305536K, 0% used [0x0000000700000000,0x0000000700000000,0x000000078cb80000)
  from space 155648K, 2% used [0x000000078cb80000,0x000000078cecebb0,0x0000000796380000)
  to   space 132096K, 0% used [0x0000000797a80000,0x0000000797a80000,0x000000079fb80000)
 ParOldGen       total 435200K, used 383149K [0x0000000580000000, 0x000000059a900000, 0x0000000700000000)
  object space 435200K, 88% used [0x0000000580000000,0x000000059762b470,0x000000059a900000)
 Metaspace       used 104956K, capacity 114020K, committed 114176K, reserved 1148928K
  class space    used 13116K, capacity 15288K, committed 15360K, reserved 1048576K
GC Heap History (10 events):
Event: 3217.082 GC heap after
Heap after GC invocations=78 (full 5):
 PSYoungGen      total 1920000K, used 117730K [0x0000000700000000, 0x0000000796000000, 0x00000007c0000000)
  eden space 1802240K, 0% used [0x0000000700000000,0x0000000700000000,0x000000076e000000)
  from space 117760K, 99% used [0x000000076e000000,0x00000007752f8b58,0x0000000775300000)
  to   space 174080K, 0% used [0x000000078b600000,0x000000078b600000,0x0000000796000000)
 ParOldGen       total 286720K, used 286561K [0x0000000580000000, 0x0000000591800000, 0x0000000700000000)
  object space 286720K, 99% used [0x0000000580000000,0x00000005917d8630,0x0000000591800000)
 Metaspace       used 102139K, capacity 110560K, committed 110976K, reserved 1144832K
  class space    used 12755K, capacity 14786K, committed 14976K, reserved 1048576K
}
Event: 3217.086 GC heap before
{Heap before GC invocations=79 (full 6):
 PSYoungGen      total 1920000K, used 117730K [0x0000000700000000, 0x0000000796000000, 0x00000007c0000000)
  eden space 1802240K, 0% used [0x0000000700000000,0x0000000700000000,0x000000076e000000)
  from space 117760K, 99% used [0x000000076e000000,0x00000007752f8b58,0x0000000775300000)
  to   space 174080K, 0% used [0x000000078b600000,0x000000078b600000,0x0000000796000000)
 ParOldGen       total 286720K, used 286561K [0x0000000580000000, 0x0000000591800000, 0x0000000700000000)
  object space 286720K, 99% used [0x0000000580000000,0x00000005917d8630,0x0000000591800000)
 Metaspace       used 102139K, capacity 110560K, committed 110976K, reserved 1144832K
  class space    used 12755K, capacity 14786K, committed 14976K, reserved 1048576K
Event: 3222.789 GC heap after
Heap after GC invocations=79 (full 6):
 PSYoungGen      total 1920000K, used 67127K [0x0000000700000000, 0x0000000796000000, 0x00000007c0000000)
  eden space 1802240K, 0% used [0x0000000700000000,0x0000000700000000,0x000000076e000000)
  from space 117760K, 57% used [0x000000076e000000,0x000000077218df98,0x0000000775300000)
  to   space 174080K, 0% used [0x000000078b600000,0x000000078b600000,0x0000000796000000)
 ParOldGen       total 435200K, used 286342K [0x0000000580000000, 0x000000059a900000, 0x0000000700000000)
  object space 435200K, 65% used [0x0000000580000000,0x00000005917a1a70,0x000000059a900000)
 Metaspace       used 102130K, capacity 110536K, committed 110976K, reserved 1144832K
  class space    used 12752K, capacity 14780K, committed 14976K, reserved 1048576K
}
Event: 3250.952 GC heap before
{Heap before GC invocations=80 (full 6):
 PSYoungGen      total 1920000K, used 1868455K [0x0000000700000000, 0x0000000796000000, 0x00000007c0000000)
  eden space 1802240K, 99% used [0x0000000700000000,0x000000076df1c008,0x000000076e000000)
  from space 117760K, 57% used [0x000000076e000000,0x000000077218df98,0x0000000775300000)
  to   space 174080K, 0% used [0x000000078b600000,0x000000078b600000,0x0000000796000000)
 ParOldGen       total 435200K, used 286342K [0x0000000580000000, 0x000000059a900000, 0x0000000700000000)
  object space 435200K, 65% used [0x0000000580000000,0x00000005917a1a70,0x000000059a900000)
 Metaspace       used 102709K, capacity 111214K, committed 111488K, reserved 1146880K
  class space    used 12829K, capacity 14841K, committed 14976K, reserved 1048576K
Event: 3253.743 GC heap after
Heap after GC invocations=80 (full 6):
 PSYoungGen      total 2166784K, used 31492K [0x0000000700000000, 0x0000000791d80000, 0x00000007c0000000)
  eden space 2060800K, 0% used [0x0000000700000000,0x0000000700000000,0x000000077dc80000)
  from space 105984K, 29% used [0x000000078b600000,0x000000078d4c1058,0x0000000791d80000)
  to   space 164352K, 0% used [0x000000077dc80000,0x000000077dc80000,0x0000000787d00000)
 ParOldGen       total 435200K, used 353889K [0x0000000580000000, 0x000000059a900000, 0x0000000700000000)
  object space 435200K, 81% used [0x0000000580000000,0x0000000595998568,0x000000059a900000)
 Metaspace       used 102709K, capacity 111214K, committed 111488K, reserved 1146880K
  class space    used 12829K, capacity 14841K, committed 14976K, reserved 1048576K
}
Event: 3969.371 GC heap before
{Heap before GC invocations=81 (full 6):
 PSYoungGen      total 2166784K, used 2092292K [0x0000000700000000, 0x0000000791d80000, 0x00000007c0000000)
  eden space 2060800K, 100% used [0x0000000700000000,0x000000077dc80000,0x000000077dc80000)
  from space 105984K, 29% used [0x000000078b600000,0x000000078d4c1058,0x0000000791d80000)
  to   space 164352K, 0% used [0x000000077dc80000,0x000000077dc80000,0x0000000787d00000)
 ParOldGen       total 435200K, used 353889K [0x0000000580000000, 0x000000059a900000, 0x0000000700000000)
  object space 435200K, 81% used [0x0000000580000000,0x0000000595998568,0x000000059a900000)
 Metaspace       used 103741K, capacity 112492K, committed 112640K, reserved 1146880K
  class space    used 12981K, capacity 15066K, committed 15104K, reserved 1048576K
Event: 3971.184 GC heap after
Heap after GC invocations=81 (full 6):
 PSYoungGen      total 2225152K, used 43766K [0x0000000700000000, 0x00000007a1000000, 0x00000007c0000000)
  eden space 2060800K, 0% used [0x0000000700000000,0x0000000700000000,0x000000077dc80000)
  from space 164352K, 26% used [0x000000077dc80000,0x000000078073d928,0x0000000787d00000)
  to   space 153088K, 0% used [0x0000000797a80000,0x0000000797a80000,0x00000007a1000000)
 ParOldGen       total 435200K, used 362988K [0x0000000580000000, 0x000000059a900000, 0x0000000700000000)
  object space 435200K, 83% used [0x0000000580000000,0x000000059627b008,0x000000059a900000)
 Metaspace       used 103741K, capacity 112492K, committed 112640K, reserved 1146880K
  class space    used 12981K, capacity 15066K, committed 15104K, reserved 1048576K
}
Event: 4263.173 GC heap before
{Heap before GC invocations=82 (full 6):
 PSYoungGen      total 2225152K, used 2104428K [0x0000000700000000, 0x00000007a1000000, 0x00000007c0000000)
  eden space 2060800K, 99% used [0x0000000700000000,0x000000077dc5da38,0x000000077dc80000)
  from space 164352K, 26% used [0x000000077dc80000,0x000000078073d928,0x0000000787d00000)
  to   space 153088K, 0% used [0x0000000797a80000,0x0000000797a80000,0x00000007a1000000)
 ParOldGen       total 435200K, used 362988K [0x0000000580000000, 0x000000059a900000, 0x0000000700000000)
  object space 435200K, 83% used [0x0000000580000000,0x000000059627b008,0x000000059a900000)
 Metaspace       used 104886K, capacity 114012K, committed 114176K, reserved 1148928K
  class space    used 13116K, capacity 15288K, committed 15360K, reserved 1048576K
Event: 4264.426 GC heap after
Heap after GC invocations=82 (full 6):
 PSYoungGen      total 2437632K, used 82789K [0x0000000700000000, 0x000000079fb80000, 0x00000007c0000000)
  eden space 2305536K, 0% used [0x0000000700000000,0x0000000700000000,0x000000078cb80000)
  from space 132096K, 62% used [0x0000000797a80000,0x000000079cb59480,0x000000079fb80000)
  to   space 155648K, 0% used [0x000000078cb80000,0x000000078cb80000,0x0000000796380000)
 ParOldGen       total 435200K, used 363967K [0x0000000580000000, 0x000000059a900000, 0x0000000700000000)
  object space 435200K, 83% used [0x0000000580000000,0x000000059636ff88,0x000000059a900000)
 Metaspace       used 104886K, capacity 114012K, committed 114176K, reserved 1148928K
  class space    used 13116K, capacity 15288K, committed 15360K, reserved 1048576K
}
Event: 4291.937 GC heap before
{Heap before GC invocations=83 (full 6):
 PSYoungGen      total 2437632K, used 2388325K [0x0000000700000000, 0x000000079fb80000, 0x00000007c0000000)
  eden space 2305536K, 100% used [0x0000000700000000,0x000000078cb80000,0x000000078cb80000)
  from space 132096K, 62% used [0x0000000797a80000,0x000000079cb59480,0x000000079fb80000)
  to   space 155648K, 0% used [0x000000078cb80000,0x000000078cb80000,0x0000000796380000)
 ParOldGen       total 435200K, used 363967K [0x0000000580000000, 0x000000059a900000, 0x0000000700000000)
  object space 435200K, 83% used [0x0000000580000000,0x000000059636ff88,0x000000059a900000)
 Metaspace       used 104956K, capacity 114020K, committed 114176K, reserved 1148928K
  class space    used 13116K, capacity 15288K, committed 15360K, reserved 1048576K

